2023-10-23 21:42:34：75464b48-4f45-4169-87e0-21f1425b1798
2023-10-23 21:42:34：6df313fa-b181-4f9d-bfff-d082901d4e40
2023-10-23 21:42:34：7ca8f8fa-9d98-4c0e-9859-354d40e8bbad
2023-10-23 21:42:34：7ace8a66-1d59-4eef-88fa-50585ed93c56
2023-10-23 21:42:34：ac7a8692-287c-44b6-95f8-b18dbc0933a3
2023-10-23 21:42:34：822f8d56-5c48-4eb0-a2dd-5ff1012a7a42
2023-10-23 21:42:34：cd794c18-2e6b-45f7-b8c1-15218e5cbde4
2023-10-23 21:42:34：7bf3fcd3-471d-4948-95c9-fc39d4ce5742
2023-10-23 21:42:34：c17c224b-4b4a-425c-8656-f292d221d3f0
2023-10-23 21:42:34：ce952b8a-3721-43c9-9bf1-1a0e1798712a
2023-10-23 21:42:34：41cc93b2-90dc-4536-a271-6c6542d102e0
2023-10-23 21:42:34：30ee6dfb-e28d-4a6b-b76e-b57e799c736e
2023-10-23 21:42:34：5688b855-45d5-4b52-bf2d-f605bf105c0e
2023-10-23 21:42:34：70fa1bd5-9f6e-4acc-81d6-dde8d1a08902
2023-10-23 21:42:34：844a3ec8-0320-4771-b9cb-2603b7b7d32c
2023-10-23 21:42:34：8de00dc9-9572-4be5-99ef-df3ea17ad4f3
2023-10-23 21:42:34：ec08ce06-8cd6-4a8d-acfd-6ce03bf6ae28
2023-10-23 21:42:34：e4c098c7-84f4-4b44-88d3-855f20991769
2023-10-23 21:42:34：12a653d0-690a-4e92-b98f-8c2316622930
2023-10-23 21:42:34：9d700abf-c7dc-4dfd-9930-d08fd6e220da
2023-10-23 21:42:34：63432218-0a45-410f-8c50-d8590214643a
2023-10-23 21:42:34：b6b37e25-d408-47c4-b3ec-4ff6780d29b3
2023-10-23 21:42:34：47966003-7f24-4a29-9652-19ba8ac1617c
2023-10-23 21:42:34：0f14fe5e-1495-4dae-8d97-6bc551d70eae
2023-10-23 21:42:34：efbb414f-789e-4e53-afb3-bd4b9b47f2ae
2023-10-23 21:42:34：0a325729-dcba-4746-b338-c40e042dfdff
2023-10-23 21:42:34：5e415f37-5a17-457a-8ef5-acc9bea4f65d
2023-10-23 21:42:34：daf69559-a033-4df2-b1c2-d55772c0490e
2023-10-23 21:42:34：119b2af5-ac51-4195-a857-23990fb8c549
2023-10-23 21:42:34：5a269c31-811c-4661-9772-9d0e1e62f2ca
2023-10-23 21:42:34：b8dd963c-ffac-4619-a51a-6ade1917efea
2023-10-23 21:42:34：b76b991f-a804-44cb-96a7-6d665cca0ec4
2023-10-23 21:42:34：588ee372-8592-413a-8746-d5ae52b362d8
2023-10-23 21:42:34：cef54fd8-48e5-4076-a448-e2b3f5a05643
2023-10-23 21:42:34：07d5beaf-c876-4550-834d-92ba5dfb6a1e
2023-10-23 21:42:34：36d936ba-cfa1-4b57-bbcf-13aaa1478b7b
2023-10-23 21:42:34：f99c1ef9-7ec6-4969-874f-8a655bf9e694
2023-10-23 21:42:34：72404089-4223-4186-8f25-b27f5555ab59
2023-10-23 21:42:34：e55f3ac8-d4dc-4413-9bc4-e2962b474a24
2023-10-23 21:42:34：fd1493d2-dbd6-451c-af57-0ccf3b99ac58
2023-10-23 21:42:34：7905ef91-bb92-42e2-ae26-947ad8d7e68f
2023-10-23 21:42:34：d1bf7226-8a3c-4696-a8d7-47514ebf8fc9
2023-10-23 21:42:34：178ac9b2-5045-4eee-9a31-7f46f02fa730
2023-10-23 21:42:34：356a1813-f85a-47eb-b877-3334fcea7f78
2023-10-23 21:42:34：b4742fd4-e8f5-40fa-8091-342963ae9812
2023-10-23 21:42:34：5e9b5377-3494-4836-a7ba-13cfa9738b7e
2023-10-23 21:42:34：f8bf2374-bcc5-4ec8-93e4-e7f2864682b2
2023-10-23 21:42:34：41441452-2b86-4678-8974-17295375d511
2023-10-23 21:42:34：d8d6f3a0-1631-4489-9cc1-51ad85f84c10
2023-10-23 21:42:34：f535cd32-e760-410e-80cb-54a39ad60402
2023-10-23 21:42:34：c719f7f5-168a-4196-9bcf-dc4fdab95568
2023-10-23 21:42:34：c4e433db-77f0-485b-96d9-a87626db8f21
2023-10-23 21:42:34：350c9eee-cf30-4c81-bfc2-927ddcf161d7
2023-10-23 21:42:34：f475f4ca-c707-413f-836d-921e69aadc7d
2023-10-23 21:42:34：3db07753-7080-4b9f-a9cd-9fc89bb56760
2023-10-23 21:42:34：51608251-4211-4372-9541-6b54c7d64333
2023-10-23 21:42:34：9e78c112-56f0-4a97-9709-c395c3581417
2023-10-23 21:42:34：9a5e5bc2-1bbd-4148-9479-2541c905ac21
2023-10-23 21:42:34：cd189d32-e722-40b6-af59-d8aad9a8d3e8
2023-10-23 21:42:34：8c0ca05f-62b5-4db4-9c09-6446da8ba30c
2023-10-23 21:42:34：197d1eda-665f-45e2-93f6-187e4afb8a41
2023-10-23 21:42:34：e990b6c5-16ab-47fd-8a9f-9182472bd431
2023-10-23 21:42:34：c51a64ea-1ece-4ef7-b73b-3fe01d42442e
2023-10-23 21:42:34：3ad9f2fe-adde-419f-8280-bcf7c7b70f42
2023-10-23 21:42:34：d567e580-3597-4dbc-9f78-545db6b2c105
2023-10-23 21:42:34：300adbce-ac7b-412c-a62a-687251a8543e
2023-10-23 21:42:34：018888a8-a6f5-4e14-9162-660a1a253503
2023-10-23 21:42:34：5078433b-cc0e-4f10-aac7-4e291c3013a4
2023-10-23 21:42:34：230c6161-abfe-4d8e-b1b6-c19c841c41c7
2023-10-23 21:42:34：5254b6d5-963a-4b12-99f0-1bf652af0d43
2023-10-23 21:42:34：a9b81df1-a820-451d-96f9-b868fbb18e05
2023-10-23 21:42:34：4c5bf141-331f-4ac2-8fd5-5e8b086cb7e9
2023-10-23 21:42:34：b5754806-0eec-4988-9104-5c57d7d06ba2
2023-10-23 21:42:34：a2a5e376-422c-4a22-9787-a5b36da5c23a
2023-10-23 21:42:34：14b2771b-77db-41bf-a166-f096a84e66d0
2023-10-23 21:42:34：ba1a29ef-a4a4-4c8e-8709-666569d382f3
2023-10-23 21:42:34：e0e12029-8a03-4c34-a8c0-37a93b625749
2023-10-23 21:42:34：b9745c70-a073-4e35-9a4a-38ed96891279
2023-10-23 21:42:34：e294f3e0-393a-4dde-9b03-3403bdcf6e9c
2023-10-23 21:42:34：313f28c2-e7bf-4925-85b0-7cf2f0469c41
2023-10-23 21:42:34：64fa758d-0ea3-4c4b-b0de-add0024f3e59
2023-10-23 21:42:34：ec9b1dbc-5d8a-49ba-add5-98df4a72c1c1
2023-10-23 21:42:34：1dc09311-4b9f-439c-925b-bc450656f063
2023-10-23 21:42:34：f9adf091-374b-4a6b-ae26-8ae455a71fd8
2023-10-23 21:42:34：75e28444-2eb4-47ee-a952-698910e8d35a
2023-10-23 21:42:34：8c21f3e7-28e6-4146-a942-11a3868ea97f
